#
# There is insufficient memory for the Java Runtime Environment to continue.
# Native memory allocation (malloc) failed to allocate 42096 bytes for Chunk::new
# Possible reasons:
#   The system is out of physical RAM or swap space
#   The process is running with CompressedOops enabled, and the Java Heap may be blocking the growth of the native heap
# Possible solutions:
#   Reduce memory load on the system
#   Increase physical memory or swap space
#   Check if swap backing store is full
#   Decrease Java heap size (-Xmx/-Xms)
#   Decrease number of Java threads
#   Decrease Java thread stack sizes (-Xss)
#   Set larger code cache with -XX:ReservedCodeCacheSize=
#   JVM is running with Unscaled Compressed Oops mode in which the Java heap is
#     placed in the first 4GB address space. The Java Heap base address is the
#     maximum limit for the native heap growth. Please use -XX:HeapBaseMinAddress
#     to set the Java Heap base and to place the Java Heap above 4GB virtual address.
# This output file may be truncated or incomplete.
#
#  Out of Memory Error (arena.cpp:189), pid=14688, tid=10256
#
# JRE version: OpenJDK Runtime Environment Temurin-17.0.8+7 (17.0.8+7) (build 17.0.8+7)
# Java VM: OpenJDK 64-Bit Server VM Temurin-17.0.8+7 (17.0.8+7, mixed mode, sharing, tiered, compressed oops, compressed class ptrs, g1 gc, windows-amd64)
# No core dump will be written. Minidumps are not enabled by default on client versions of Windows
#

---------------  S U M M A R Y ------------

Command Line: -Xmx64m -Xms64m -Dorg.gradle.appname=gradlew org.gradle.wrapper.GradleWrapperMain app:installDebug -PreactNativeDevServerPort=8081

Host: Intel(R) Core(TM) i5-1035G1 CPU @ 1.00GHz, 8 cores, 7G,  Windows 10 , 64 bit Build 19041 (10.0.19041.3636)
Time: Tue Jul  2 16:20:35 2024 India Standard Time elapsed time: 77.007353 seconds (0d 0h 1m 17s)

---------------  T H R E A D  ---------------

Current thread (0x0000018437a4bcd0):  JavaThread "C2 CompilerThread0" daemon [_thread_in_native, id=10256, stack(0x0000004a93200000,0x0000004a93300000)]


Current CompileTask:
C2:  77007 1784       4       org.gradle.internal.logging.text.AbstractLineChoppingStyledTextOutput$1::execute (9 bytes)

Stack: [0x0000004a93200000,0x0000004a93300000]
Native frames: (J=compiled Java code, j=interpreted, Vv=VM code, C=native code)
V  [jvm.dll+0x678b0a]
V  [jvm.dll+0x835e84]
V  [jvm.dll+0x83762e]
V  [jvm.dll+0x837c93]
V  [jvm.dll+0x24746f]
V  [jvm.dll+0xac20c]
V  [jvm.dll+0xac7dc]
V  [jvm.dll+0x365c52]
V  [jvm.dll+0x1bcca5]
V  [jvm.dll+0x219d49]
V  [jvm.dll+0x219011]
V  [jvm.dll+0x1a534d]
V  [jvm.dll+0x228d8a]
V  [jvm.dll+0x226dcc]
V  [jvm.dll+0x7ec09b]
V  [jvm.dll+0x7e64ca]
V  [jvm.dll+0x677955]
C  [ucrtbase.dll+0x21bb2]
C  [KERNEL32.DLL+0x17344]
C  [ntdll.dll+0x4cc91]


---------------  P R O C E S S  ---------------

Threads class SMR info:
_java_thread_list=0x000001847e25b7d0, length=13, elements={
0x000001841e06f790, 0x000001841e11b930, 0x000001841e11c4f0, 0x0000018437a42bb0,
0x0000018437a43770, 0x0000018437a49160, 0x0000018437a49b20, 0x0000018437a4bcd0,
0x0000018437a4cd90, 0x0000018437a4d790, 0x000001847d064830, 0x000001847d06b170,
0x000001847e206000
}

Java Threads: ( => current thread )
  0x000001841e06f790 JavaThread "main" [_thread_blocked, id=11508, stack(0x0000004a92500000,0x0000004a92600000)]
  0x000001841e11b930 JavaThread "Reference Handler" daemon [_thread_blocked, id=13560, stack(0x0000004a92c00000,0x0000004a92d00000)]
  0x000001841e11c4f0 JavaThread "Finalizer" daemon [_thread_blocked, id=1108, stack(0x0000004a92d00000,0x0000004a92e00000)]
  0x0000018437a42bb0 JavaThread "Signal Dispatcher" daemon [_thread_blocked, id=13752, stack(0x0000004a92e00000,0x0000004a92f00000)]
  0x0000018437a43770 JavaThread "Attach Listener" daemon [_thread_blocked, id=11924, stack(0x0000004a92f00000,0x0000004a93000000)]
  0x0000018437a49160 JavaThread "Service Thread" daemon [_thread_blocked, id=3756, stack(0x0000004a93000000,0x0000004a93100000)]
  0x0000018437a49b20 JavaThread "Monitor Deflation Thread" daemon [_thread_blocked, id=14704, stack(0x0000004a93100000,0x0000004a93200000)]
=>0x0000018437a4bcd0 JavaThread "C2 CompilerThread0" daemon [_thread_in_native, id=10256, stack(0x0000004a93200000,0x0000004a93300000)]
  0x0000018437a4cd90 JavaThread "C1 CompilerThread0" daemon [_thread_blocked, id=1504, stack(0x0000004a93300000,0x0000004a93400000)]
  0x0000018437a4d790 JavaThread "Sweeper thread" daemon [_thread_blocked, id=3636, stack(0x0000004a93400000,0x0000004a93500000)]
  0x000001847d064830 JavaThread "Notification Thread" daemon [_thread_blocked, id=10120, stack(0x0000004a93500000,0x0000004a93600000)]
  0x000001847d06b170 JavaThread "Common-Cleaner" daemon [_thread_blocked, id=15336, stack(0x0000004a93700000,0x0000004a93800000)]
  0x000001847e206000 JavaThread "DisconnectableInputStream source reader" daemon [_thread_in_native, id=13160, stack(0x0000004a94200000,0x0000004a94300000)]

Other Threads:
  0x000001841e117a80 VMThread "VM Thread" [stack: 0x0000004a92b00000,0x0000004a92c00000] [id=4724]
  0x000001847d064d10 WatcherThread [stack: 0x0000004a93600000,0x0000004a93700000] [id=14868]
  0x000001841e090f60 GCTaskThread "GC Thread#0" [stack: 0x0000004a92600000,0x0000004a92700000] [id=13220]
  0x000001847db42180 GCTaskThread "GC Thread#1" [stack: 0x0000004a93a00000,0x0000004a93b00000] [id=11852]
  0x000001847d8e8850 GCTaskThread "GC Thread#2" [stack: 0x0000004a93b00000,0x0000004a93c00000] [id=5024]
  0x000001847dce2b70 GCTaskThread "GC Thread#3" [stack: 0x0000004a93c00000,0x0000004a93d00000] [id=2844]
  0x000001847e19cb10 GCTaskThread "GC Thread#4" [stack: 0x0000004a93d00000,0x0000004a93e00000] [id=14424]
  0x000001847d22a210 GCTaskThread "GC Thread#5" [stack: 0x0000004a93f00000,0x0000004a94000000] [id=14944]
  0x000001847dfca2a0 GCTaskThread "GC Thread#6" [stack: 0x0000004a94000000,0x0000004a94100000] [id=12464]
  0x000001847df683f0 GCTaskThread "GC Thread#7" [stack: 0x0000004a94100000,0x0000004a94200000] [id=7856]
  0x000001841e0964d0 ConcurrentGCThread "G1 Main Marker" [stack: 0x0000004a92700000,0x0000004a92800000] [id=11116]
  0x000001841e097680 ConcurrentGCThread "G1 Conc#0" [stack: 0x0000004a92800000,0x0000004a92900000] [id=14268]
  0x000001841e0f6ae0 ConcurrentGCThread "G1 Refine#0" [stack: 0x0000004a92900000,0x0000004a92a00000] [id=13956]
  0x000001841e0f7510 ConcurrentGCThread "G1 Service" [stack: 0x0000004a92a00000,0x0000004a92b00000] [id=720]

Threads with active compile tasks:
C2 CompilerThread0    77045 1784       4       org.gradle.internal.logging.text.AbstractLineChoppingStyledTextOutput$1::execute (9 bytes)

VM state: not at safepoint (normal execution)

VM Mutex/Monitor currently owned by a thread: None

Heap address: 0x00000000fc000000, size: 64 MB, Compressed Oops mode: 32-bit

CDS archive(s) mapped at: [0x0000018438000000-0x0000018438bd0000-0x0000018438bd0000), size 12386304, SharedBaseAddress: 0x0000018438000000, ArchiveRelocationMode: 1.
Compressed class space mapped at: 0x0000018439000000-0x0000018479000000, reserved size: 1073741824
Narrow klass base: 0x0000018438000000, Narrow klass shift: 0, Narrow klass range: 0x100000000

GC Precious Log:
 CPUs: 8 total, 8 available
 Memory: 7959M
 Large Page Support: Disabled
 NUMA Support: Disabled
 Compressed Oops: Enabled (32-bit)
 Heap Region Size: 1M
 Heap Min Capacity: 64M
 Heap Initial Capacity: 64M
 Heap Max Capacity: 64M
 Pre-touch: Disabled
 Parallel Workers: 8
 Concurrent Workers: 2
 Concurrent Refinement Workers: 8
 Periodic GC: Disabled

Heap:
 garbage-first heap   total 65536K, used 18097K [0x00000000fc000000, 0x0000000100000000)
  region size 1024K, 8 young (8192K), 2 survivors (2048K)
 Metaspace       used 10161K, committed 10368K, reserved 1114112K
  class space    used 1326K, committed 1408K, reserved 1048576K

Heap Regions: E=young(eden), S=young(survivor), O=old, HS=humongous(starts), HC=humongous(continues), CS=collection set, F=free, OA=open archive, CA=closed archive, TAMS=top-at-mark-start (previous, next)
|   0|0x00000000fc000000, 0x00000000fc100000, 0x00000000fc100000|100%|HS|  |TAMS 0x00000000fc000000, 0x00000000fc000000| Complete 
|   1|0x00000000fc100000, 0x00000000fc200000, 0x00000000fc200000|100%|HC|  |TAMS 0x00000000fc100000, 0x00000000fc100000| Complete 
|   2|0x00000000fc200000, 0x00000000fc300000, 0x00000000fc300000|100%|HC|  |TAMS 0x00000000fc200000, 0x00000000fc200000| Complete 
|   3|0x00000000fc300000, 0x00000000fc400000, 0x00000000fc400000|100%|HC|  |TAMS 0x00000000fc300000, 0x00000000fc300000| Complete 
|   4|0x00000000fc400000, 0x00000000fc500000, 0x00000000fc500000|100%| O|  |TAMS 0x00000000fc400000, 0x00000000fc400000| Untracked 
|   5|0x00000000fc500000, 0x00000000fc600000, 0x00000000fc600000|100%| O|  |TAMS 0x00000000fc500000, 0x00000000fc500000| Untracked 
|   6|0x00000000fc600000, 0x00000000fc700000, 0x00000000fc700000|100%| O|  |TAMS 0x00000000fc600000, 0x00000000fc600000| Untracked 
|   7|0x00000000fc700000, 0x00000000fc800000, 0x00000000fc800000|100%| O|  |TAMS 0x00000000fc700000, 0x00000000fc700000| Untracked 
|   8|0x00000000fc800000, 0x00000000fc900000, 0x00000000fc900000|100%| O|  |TAMS 0x00000000fc800000, 0x00000000fc800000| Untracked 
|   9|0x00000000fc900000, 0x00000000fca00000, 0x00000000fca00000|100%| O|  |TAMS 0x00000000fc900000, 0x00000000fc900000| Untracked 
|  10|0x00000000fca00000, 0x00000000fcadb600, 0x00000000fcb00000| 85%| O|  |TAMS 0x00000000fca00000, 0x00000000fca00000| Untracked 
|  11|0x00000000fcb00000, 0x00000000fcb00000, 0x00000000fcc00000|  0%| F|  |TAMS 0x00000000fcb00000, 0x00000000fcb00000| Untracked 
|  12|0x00000000fcc00000, 0x00000000fcc00000, 0x00000000fcd00000|  0%| F|  |TAMS 0x00000000fcc00000, 0x00000000fcc00000| Untracked 
|  13|0x00000000fcd00000, 0x00000000fcd00000, 0x00000000fce00000|  0%| F|  |TAMS 0x00000000fcd00000, 0x00000000fcd00000| Untracked 
|  14|0x00000000fce00000, 0x00000000fce00000, 0x00000000fcf00000|  0%| F|  |TAMS 0x00000000fce00000, 0x00000000fce00000| Untracked 
|  15|0x00000000fcf00000, 0x00000000fcf00000, 0x00000000fd000000|  0%| F|  |TAMS 0x00000000fcf00000, 0x00000000fcf00000| Untracked 
|  16|0x00000000fd000000, 0x00000000fd000000, 0x00000000fd100000|  0%| F|  |TAMS 0x00000000fd000000, 0x00000000fd000000| Untracked 
|  17|0x00000000fd100000, 0x00000000fd100000, 0x00000000fd200000|  0%| F|  |TAMS 0x00000000fd100000, 0x00000000fd100000| Untracked 
|  18|0x00000000fd200000, 0x00000000fd200000, 0x00000000fd300000|  0%| F|  |TAMS 0x00000000fd200000, 0x00000000fd200000| Untracked 
|  19|0x00000000fd300000, 0x00000000fd300000, 0x00000000fd400000|  0%| F|  |TAMS 0x00000000fd300000, 0x00000000fd300000| Untracked 
|  20|0x00000000fd400000, 0x00000000fd400000, 0x00000000fd500000|  0%| F|  |TAMS 0x00000000fd400000, 0x00000000fd400000| Untracked 
|  21|0x00000000fd500000, 0x00000000fd500000, 0x00000000fd600000|  0%| F|  |TAMS 0x00000000fd500000, 0x00000000fd500000| Untracked 
|  22|0x00000000fd600000, 0x00000000fd600000, 0x00000000fd700000|  0%| F|  |TAMS 0x00000000fd600000, 0x00000000fd600000| Untracked 
|  23|0x00000000fd700000, 0x00000000fd700000, 0x00000000fd800000|  0%| F|  |TAMS 0x00000000fd700000, 0x00000000fd700000| Untracked 
|  24|0x00000000fd800000, 0x00000000fd800000, 0x00000000fd900000|  0%| F|  |TAMS 0x00000000fd800000, 0x00000000fd800000| Untracked 
|  25|0x00000000fd900000, 0x00000000fd900000, 0x00000000fda00000|  0%| F|  |TAMS 0x00000000fd900000, 0x00000000fd900000| Untracked 
|  26|0x00000000fda00000, 0x00000000fda00000, 0x00000000fdb00000|  0%| F|  |TAMS 0x00000000fda00000, 0x00000000fda00000| Untracked 
|  27|0x00000000fdb00000, 0x00000000fdb00000, 0x00000000fdc00000|  0%| F|  |TAMS 0x00000000fdb00000, 0x00000000fdb00000| Untracked 
|  28|0x00000000fdc00000, 0x00000000fdc00000, 0x00000000fdd00000|  0%| F|  |TAMS 0x00000000fdc00000, 0x00000000fdc00000| Untracked 
|  29|0x00000000fdd00000, 0x00000000fdd00000, 0x00000000fde00000|  0%| F|  |TAMS 0x00000000fdd00000, 0x00000000fdd00000| Untracked 
|  30|0x00000000fde00000, 0x00000000fde00000, 0x00000000fdf00000|  0%| F|  |TAMS 0x00000000fde00000, 0x00000000fde00000| Untracked 
|  31|0x00000000fdf00000, 0x00000000fdf00000, 0x00000000fe000000|  0%| F|  |TAMS 0x00000000fdf00000, 0x00000000fdf00000| Untracked 
|  32|0x00000000fe000000, 0x00000000fe000000, 0x00000000fe100000|  0%| F|  |TAMS 0x00000000fe000000, 0x00000000fe000000| Untracked 
|  33|0x00000000fe100000, 0x00000000fe100000, 0x00000000fe200000|  0%| F|  |TAMS 0x00000000fe100000, 0x00000000fe100000| Untracked 
|  34|0x00000000fe200000, 0x00000000fe200000, 0x00000000fe300000|  0%| F|  |TAMS 0x00000000fe200000, 0x00000000fe200000| Untracked 
|  35|0x00000000fe300000, 0x00000000fe300000, 0x00000000fe400000|  0%| F|  |TAMS 0x00000000fe300000, 0x00000000fe300000| Untracked 
|  36|0x00000000fe400000, 0x00000000fe400000, 0x00000000fe500000|  0%| F|  |TAMS 0x00000000fe400000, 0x00000000fe400000| Untracked 
|  37|0x00000000fe500000, 0x00000000fe5d0e38, 0x00000000fe600000| 81%| S|CS|TAMS 0x00000000fe500000, 0x00000000fe500000| Complete 
|  38|0x00000000fe600000, 0x00000000fe600000, 0x00000000fe700000|  0%| F|  |TAMS 0x00000000fe600000, 0x00000000fe600000| Untracked 
|  39|0x00000000fe700000, 0x00000000fe700000, 0x00000000fe800000|  0%| F|  |TAMS 0x00000000fe700000, 0x00000000fe700000| Untracked 
|  40|0x00000000fe800000, 0x00000000fe800000, 0x00000000fe900000|  0%| F|  |TAMS 0x00000000fe800000, 0x00000000fe800000| Untracked 
|  41|0x00000000fe900000, 0x00000000fea00000, 0x00000000fea00000|100%| S|CS|TAMS 0x00000000fe900000, 0x00000000fe900000| Complete 
|  42|0x00000000fea00000, 0x00000000fea00000, 0x00000000feb00000|  0%| F|  |TAMS 0x00000000fea00000, 0x00000000fea00000| Untracked 
|  43|0x00000000feb00000, 0x00000000feb00000, 0x00000000fec00000|  0%| F|  |TAMS 0x00000000feb00000, 0x00000000feb00000| Untracked 
|  44|0x00000000fec00000, 0x00000000fec00000, 0x00000000fed00000|  0%| F|  |TAMS 0x00000000fec00000, 0x00000000fec00000| Untracked 
|  45|0x00000000fed00000, 0x00000000fed00000, 0x00000000fee00000|  0%| F|  |TAMS 0x00000000fed00000, 0x00000000fed00000| Untracked 
|  46|0x00000000fee00000, 0x00000000fee00000, 0x00000000fef00000|  0%| F|  |TAMS 0x00000000fee00000, 0x00000000fee00000| Untracked 
|  47|0x00000000fef00000, 0x00000000fef00000, 0x00000000ff000000|  0%| F|  |TAMS 0x00000000fef00000, 0x00000000fef00000| Untracked 
|  48|0x00000000ff000000, 0x00000000ff000000, 0x00000000ff100000|  0%| F|  |TAMS 0x00000000ff000000, 0x00000000ff000000| Untracked 
|  49|0x00000000ff100000, 0x00000000ff100000, 0x00000000ff200000|  0%| F|  |TAMS 0x00000000ff100000, 0x00000000ff100000| Untracked 
|  50|0x00000000ff200000, 0x00000000ff200000, 0x00000000ff300000|  0%| F|  |TAMS 0x00000000ff200000, 0x00000000ff200000| Untracked 
|  51|0x00000000ff300000, 0x00000000ff300000, 0x00000000ff400000|  0%| F|  |TAMS 0x00000000ff300000, 0x00000000ff300000| Untracked 
|  52|0x00000000ff400000, 0x00000000ff400000, 0x00000000ff500000|  0%| F|  |TAMS 0x00000000ff400000, 0x00000000ff400000| Untracked 
|  53|0x00000000ff500000, 0x00000000ff500000, 0x00000000ff600000|  0%| F|  |TAMS 0x00000000ff500000, 0x00000000ff500000| Untracked 
|  54|0x00000000ff600000, 0x00000000ff600000, 0x00000000ff700000|  0%| F|  |TAMS 0x00000000ff600000, 0x00000000ff600000| Untracked 
|  55|0x00000000ff700000, 0x00000000ff700000, 0x00000000ff800000|  0%| F|  |TAMS 0x00000000ff700000, 0x00000000ff700000| Untracked 
|  56|0x00000000ff800000, 0x00000000ff800000, 0x00000000ff900000|  0%| F|  |TAMS 0x00000000ff800000, 0x00000000ff800000| Untracked 
|  57|0x00000000ff900000, 0x00000000ff900000, 0x00000000ffa00000|  0%| F|  |TAMS 0x00000000ff900000, 0x00000000ff900000| Untracked 
|  58|0x00000000ffa00000, 0x00000000ffa29790, 0x00000000ffb00000| 16%| E|  |TAMS 0x00000000ffa00000, 0x00000000ffa00000| Complete 
|  59|0x00000000ffb00000, 0x00000000ffc00000, 0x00000000ffc00000|100%| E|CS|TAMS 0x00000000ffb00000, 0x00000000ffb00000| Complete 
|  60|0x00000000ffc00000, 0x00000000ffd00000, 0x00000000ffd00000|100%| E|CS|TAMS 0x00000000ffc00000, 0x00000000ffc00000| Complete 
|  61|0x00000000ffd00000, 0x00000000ffe00000, 0x00000000ffe00000|100%| E|CS|TAMS 0x00000000ffd00000, 0x00000000ffd00000| Complete 
|  62|0x00000000ffe00000, 0x00000000fff00000, 0x00000000fff00000|100%| E|CS|TAMS 0x00000000ffe00000, 0x00000000ffe00000| Complete 
|  63|0x00000000fff00000, 0x0000000100000000, 0x0000000100000000|100%| E|CS|TAMS 0x00000000fff00000, 0x00000000fff00000| Complete 

Card table byte_map: [0x000001841dfa0000,0x000001841dfc0000] _byte_map_base: 0x000001841d7c0000

Marking Bits (Prev, Next): (CMBitMap*) 0x000001841e091580, (CMBitMap*) 0x000001841e0915c0
 Prev Bits: [0x0000018434e90000, 0x0000018434f90000)
 Next Bits: [0x0000018434f90000, 0x0000018435090000)

Polling page: 0x000001841c070000

Metaspace:

Usage:
  Non-class:      8.63 MB used.
      Class:      1.30 MB used.
       Both:      9.92 MB used.

Virtual space:
  Non-class space:       64.00 MB reserved,       8.75 MB ( 14%) committed,  1 nodes.
      Class space:        1.00 GB reserved,       1.38 MB ( <1%) committed,  1 nodes.
             Both:        1.06 GB reserved,      10.12 MB ( <1%) committed. 

Chunk freelists:
   Non-Class:  7.29 MB
       Class:  14.50 MB
        Both:  21.79 MB

MaxMetaspaceSize: unlimited
CompressedClassSpaceSize: 1.00 GB
Initial GC threshold: 21.00 MB
Current GC threshold: 21.00 MB
CDS: on
MetaspaceReclaimPolicy: balanced
 - commit_granule_bytes: 65536.
 - commit_granule_words: 8192.
 - virtual_space_node_default_size: 8388608.
 - enlarge_chunks_in_place: 1.
 - new_chunks_are_fully_committed: 0.
 - uncommit_free_chunks: 1.
 - use_allocation_guard: 0.
 - handle_deallocations: 1.


Internal statistics:

num_allocs_failed_limit: 0.
num_arena_births: 96.
num_arena_deaths: 0.
num_vsnodes_births: 2.
num_vsnodes_deaths: 0.
num_space_committed: 162.
num_space_uncommitted: 0.
num_chunks_returned_to_freelist: 0.
num_chunks_taken_from_freelist: 365.
num_chunk_merges: 0.
num_chunk_splits: 253.
num_chunks_enlarged: 208.
num_inconsistent_stats: 0.

CodeHeap 'non-profiled nmethods': size=120000Kb used=677Kb max_used=677Kb free=119322Kb
 bounds [0x000001842d630000, 0x000001842d8a0000, 0x0000018434b60000]
CodeHeap 'profiled nmethods': size=120000Kb used=3478Kb max_used=3478Kb free=116521Kb
 bounds [0x0000018425b60000, 0x0000018425ed0000, 0x000001842d090000]
CodeHeap 'non-nmethods': size=5760Kb used=1197Kb max_used=1218Kb free=4562Kb
 bounds [0x000001842d090000, 0x000001842d300000, 0x000001842d630000]
 total_blobs=2279 nmethods=1791 adapters=401
 compilation: enabled
              stopped_count=0, restarted_count=0
 full_count=0

Compilation events (20 events):
Event: 76.969 Thread 0x0000018437a4bcd0 1781       4       org.gradle.internal.logging.text.AbstractLineChoppingStyledTextOutput$StateContext::isCurrentCharEquals (70 bytes)
Event: 76.969 Thread 0x0000018437a4cd90 nmethod 1776 0x0000018425ec0790 code [0x0000018425ec0920, 0x0000018425ec0a18]
Event: 76.969 Thread 0x0000018437a4cd90 1777       3       org.gradle.internal.logging.text.AbstractLineChoppingStyledTextOutput$2::execute (9 bytes)
Event: 76.969 Thread 0x0000018437a4cd90 nmethod 1777 0x0000018425ec0a90 code [0x0000018425ec0c40, 0x0000018425ec0e68]
Event: 76.969 Thread 0x0000018437a4cd90 1778       3       org.gradle.internal.logging.text.AbstractLineChoppingStyledTextOutput$2::execute (77 bytes)
Event: 76.970 Thread 0x0000018437a4cd90 nmethod 1778 0x0000018425ec0f10 code [0x0000018425ec11a0, 0x0000018425ec1c48]
Event: 76.970 Thread 0x0000018437a4cd90 1779       3       org.gradle.internal.logging.text.AbstractLineChoppingStyledTextOutput::access$900 (4 bytes)
Event: 76.971 Thread 0x0000018437a4cd90 nmethod 1779 0x0000018425ec2090 code [0x0000018425ec2220, 0x0000018425ec2318]
Event: 76.971 Thread 0x0000018437a4cd90 1780       3       org.gradle.internal.logging.text.AbstractLineChoppingStyledTextOutput$StateContext::next (11 bytes)
Event: 76.971 Thread 0x0000018437a4cd90 nmethod 1780 0x0000018425ec2390 code [0x0000018425ec2520, 0x0000018425ec2638]
Event: 76.971 Thread 0x0000018437a4cd90 1783       3       java.lang.StringCoding::implEncodeAsciiArray (47 bytes)
Event: 76.972 Thread 0x0000018437a4cd90 nmethod 1783 0x0000018425ec2710 code [0x0000018425ec28c0, 0x0000018425ec2b18]
Event: 76.973 Thread 0x0000018437a4bcd0 nmethod 1781 0x000001842d6d8210 code [0x000001842d6d83a0, 0x000001842d6d84e8]
Event: 76.973 Thread 0x0000018437a4bcd0 1782       4       org.gradle.internal.logging.text.AbstractLineChoppingStyledTextOutput$StateContext::hasChar (25 bytes)
Event: 76.974 Thread 0x0000018437a4bcd0 nmethod 1782 0x000001842d6d8690 code [0x000001842d6d8800, 0x000001842d6d8898]
Event: 76.974 Thread 0x0000018437a4bcd0 1784       4       org.gradle.internal.logging.text.AbstractLineChoppingStyledTextOutput$1::execute (9 bytes)
Event: 76.980 Thread 0x0000018437a4cd90 1786       1       jdk.internal.org.objectweb.asm.SymbolTable::getConstantPoolCount (5 bytes)
Event: 76.980 Thread 0x0000018437a4cd90 nmethod 1786 0x000001842d6d8990 code [0x000001842d6d8b20, 0x000001842d6d8bf8]
Event: 76.980 Thread 0x0000018437a4cd90 1787       3       java.lang.invoke.DirectMethodHandle::<init> (148 bytes)
Event: 76.982 Thread 0x0000018437a4cd90 nmethod 1787 0x0000018425ec2c90 code [0x0000018425ec2f40, 0x0000018425ec3e88]

GC Heap History (4 events):
Event: 1.267 GC heap before
{Heap before GC invocations=0 (full 0):
 garbage-first heap   total 65536K, used 26624K [0x00000000fc000000, 0x0000000100000000)
  region size 1024K, 23 young (23552K), 0 survivors (0K)
 Metaspace       used 3468K, committed 3648K, reserved 1114112K
  class space    used 405K, committed 512K, reserved 1048576K
}
Event: 1.276 GC heap after
{Heap after GC invocations=1 (full 0):
 garbage-first heap   total 65536K, used 10732K [0x00000000fc000000, 0x0000000100000000)
  region size 1024K, 3 young (3072K), 3 survivors (3072K)
 Metaspace       used 3468K, committed 3648K, reserved 1114112K
  class space    used 405K, committed 512K, reserved 1048576K
}
Event: 2.114 GC heap before
{Heap before GC invocations=1 (full 0):
 garbage-first heap   total 65536K, used 33260K [0x00000000fc000000, 0x0000000100000000)
  region size 1024K, 25 young (25600K), 3 survivors (3072K)
 Metaspace       used 8630K, committed 8832K, reserved 1114112K
  class space    used 1150K, committed 1280K, reserved 1048576K
}
Event: 2.121 GC heap after
{Heap after GC invocations=2 (full 0):
 garbage-first heap   total 65536K, used 12977K [0x00000000fc000000, 0x0000000100000000)
  region size 1024K, 2 young (2048K), 2 survivors (2048K)
 Metaspace       used 8630K, committed 8832K, reserved 1114112K
  class space    used 1150K, committed 1280K, reserved 1048576K
}

Dll operation events (12 events):
Event: 0.008 Loaded shared library C:\Users\Kriti Sharma\AppData\Local\Programs\Eclipse Adoptium\jdk-17.0.8.7-hotspot\bin\java.dll
Event: 0.031 Loaded shared library C:\Users\Kriti Sharma\AppData\Local\Programs\Eclipse Adoptium\jdk-17.0.8.7-hotspot\bin\jsvml.dll
Event: 0.090 Loaded shared library C:\Users\Kriti Sharma\AppData\Local\Programs\Eclipse Adoptium\jdk-17.0.8.7-hotspot\bin\net.dll
Event: 0.094 Loaded shared library C:\Users\Kriti Sharma\AppData\Local\Programs\Eclipse Adoptium\jdk-17.0.8.7-hotspot\bin\nio.dll
Event: 0.207 Loaded shared library C:\Users\Kriti Sharma\AppData\Local\Programs\Eclipse Adoptium\jdk-17.0.8.7-hotspot\bin\zip.dll
Event: 0.779 Loaded shared library C:\Users\Kriti Sharma\AppData\Local\Programs\Eclipse Adoptium\jdk-17.0.8.7-hotspot\bin\jimage.dll
Event: 0.898 Loaded shared library C:\Users\Kriti Sharma\AppData\Local\Programs\Eclipse Adoptium\jdk-17.0.8.7-hotspot\bin\verify.dll
Event: 1.407 Loaded shared library C:\Users\Kriti Sharma\.gradle\native\c067742578af261105cb4f569cf0c3c89f3d7b1fecec35dd04571415982c5e48\windows-amd64\native-platform.dll
Event: 1.516 Loaded shared library C:\Users\Kriti Sharma\.gradle\native\jansi\1.18\windows64\jansi.dll
Event: 1.743 Loaded shared library C:\Users\Kriti Sharma\AppData\Local\Programs\Eclipse Adoptium\jdk-17.0.8.7-hotspot\bin\management.dll
Event: 1.745 Loaded shared library C:\Users\Kriti Sharma\AppData\Local\Programs\Eclipse Adoptium\jdk-17.0.8.7-hotspot\bin\management_ext.dll
Event: 4.782 Loaded shared library C:\Users\Kriti Sharma\AppData\Local\Programs\Eclipse Adoptium\jdk-17.0.8.7-hotspot\bin\sunmscapi.dll

Deoptimization events (20 events):
Event: 2.155 Thread 0x000001847de877f0 DEOPT PACKING pc=0x000001842d666684 sp=0x0000004a93efe800
Event: 2.155 Thread 0x000001847de877f0 DEOPT UNPACKING pc=0x000001842d0ea1a3 sp=0x0000004a93efe7c8 mode 2
Event: 2.155 Thread 0x000001847de877f0 Uncommon trap: trap_request=0xffffff45 fr.pc=0x000001842d6aa63c relative=0x000000000000041c
Event: 2.155 Thread 0x000001847de877f0 Uncommon trap: reason=unstable_if action=reinterpret pc=0x000001842d6aa63c method=java.lang.AbstractStringBuilder.isLatin1()Z @ 10 c2
Event: 2.155 Thread 0x000001847de877f0 DEOPT PACKING pc=0x000001842d6aa63c sp=0x0000004a93efe960
Event: 2.155 Thread 0x000001847de877f0 DEOPT UNPACKING pc=0x000001842d0ea1a3 sp=0x0000004a93efe8e0 mode 2
Event: 4.701 Thread 0x000001847de877f0 DEOPT PACKING pc=0x0000018425df5b56 sp=0x0000004a93efe550
Event: 4.701 Thread 0x000001847de877f0 DEOPT UNPACKING pc=0x000001842d0eace3 sp=0x0000004a93efd9d8 mode 0
Event: 4.701 Thread 0x000001847de877f0 Uncommon trap: trap_request=0xffffff45 fr.pc=0x000001842d649b80 relative=0x0000000000000080
Event: 4.701 Thread 0x000001847de877f0 Uncommon trap: reason=unstable_if action=reinterpret pc=0x000001842d649b80 method=java.lang.String.codePointAt(I)I @ 4 c2
Event: 4.701 Thread 0x000001847de877f0 DEOPT PACKING pc=0x000001842d649b80 sp=0x0000004a93efe8e0
Event: 4.701 Thread 0x000001847de877f0 DEOPT UNPACKING pc=0x000001842d0ea1a3 sp=0x0000004a93efe878 mode 2
Event: 4.830 Thread 0x000001841e06f790 Uncommon trap: trap_request=0xffffff45 fr.pc=0x000001842d68c378 relative=0x0000000000000418
Event: 4.830 Thread 0x000001841e06f790 Uncommon trap: reason=unstable_if action=reinterpret pc=0x000001842d68c378 method=java.util.regex.Matcher.match(II)Z @ 76 c2
Event: 4.830 Thread 0x000001841e06f790 DEOPT PACKING pc=0x000001842d68c378 sp=0x0000004a925fb490
Event: 4.830 Thread 0x000001841e06f790 DEOPT UNPACKING pc=0x000001842d0ea1a3 sp=0x0000004a925fb448 mode 2
Event: 76.959 Thread 0x000001841e06f790 Uncommon trap: trap_request=0xffffff45 fr.pc=0x000001842d6b6f74 relative=0x00000000000001d4
Event: 76.959 Thread 0x000001841e06f790 Uncommon trap: reason=unstable_if action=reinterpret pc=0x000001842d6b6f74 method=java.net.URI$Parser.scan(IILjava/lang/String;)I @ 26 c2
Event: 76.959 Thread 0x000001841e06f790 DEOPT PACKING pc=0x000001842d6b6f74 sp=0x0000004a925fc210
Event: 76.959 Thread 0x000001841e06f790 DEOPT UNPACKING pc=0x000001842d0ea1a3 sp=0x0000004a925fc1a0 mode 2

Classes unloaded (0 events):
No events

Classes redefined (0 events):
No events

Internal exceptions (20 events):
Event: 1.714 Thread 0x000001841e06f790 Exception <a 'java/lang/NoSuchMethodError'{0x00000000ff75ab10}: 'void java.lang.invoke.DirectMethodHandle$Holder.invokeSpecial(java.lang.Object, java.lang.Object, java.lang.Object)'> (0x00000000ff75ab10) 
thrown [s\src\hotspot\share\interpreter\linkResolver.cpp, line 759]
Event: 1.723 Thread 0x000001841e06f790 Implicit null exception at 0x000001842d68270a to 0x000001842d682c50
Event: 1.723 Thread 0x000001841e06f790 Implicit null exception at 0x000001842d675b0f to 0x000001842d676054
Event: 1.741 Thread 0x000001841e06f790 Exception <a 'java/lang/NoSuchMethodError'{0x00000000ff6b9470}: 'java.lang.Object java.lang.invoke.DirectMethodHandle$Holder.invokeStaticInit(java.lang.Object)'> (0x00000000ff6b9470) 
thrown [s\src\hotspot\share\interpreter\linkResolver.cpp, line 759]
Event: 1.762 Thread 0x000001841e06f790 Exception <a 'java/lang/NoSuchMethodError'{0x00000000ff554d28}: 'int java.lang.invoke.DirectMethodHandle$Holder.invokeVirtual(java.lang.Object, java.lang.Object, java.lang.Object)'> (0x00000000ff554d28) 
thrown [s\src\hotspot\share\interpreter\linkResolver.cpp, line 759]
Event: 1.766 Thread 0x000001841e06f790 Exception <a 'java/lang/NoSuchMethodError'{0x00000000ff5979f0}: 'java.lang.Object java.lang.invoke.DirectMethodHandle$Holder.invokeVirtual(java.lang.Object, java.lang.Object, java.lang.Object)'> (0x00000000ff5979f0) 
thrown [s\src\hotspot\share\interpreter\linkResolver.cpp, line 759]
Event: 1.826 Thread 0x000001841e06f790 Exception <a 'java/lang/NoSuchMethodError'{0x00000000ff115388}: 'java.lang.Object java.lang.invoke.DirectMethodHandle$Holder.invokeStaticInit(java.lang.Object, int, int, int, int)'> (0x00000000ff115388) 
thrown [s\src\hotspot\share\interpreter\linkResolver.cpp, line 759]
Event: 1.861 Thread 0x000001841e06f790 Exception <a 'java/lang/NoSuchMethodError'{0x00000000ff1f3080}: 'java.lang.Object java.lang.invoke.DirectMethodHandle$Holder.invokeStaticInit(java.lang.Object, java.lang.Object, int, int, int, int)'> (0x00000000ff1f3080) 
thrown [s\src\hotspot\share\interpreter\linkResolver.cpp, line 759]
Event: 1.937 Thread 0x000001841e06f790 Exception <a 'java/lang/NoSuchMethodError'{0x00000000ff020810}: 'void java.lang.invoke.DirectMethodHandle$Holder.invokeStatic(java.lang.Object, java.lang.Object, java.lang.Object)'> (0x00000000ff020810) 
thrown [s\src\hotspot\share\interpreter\linkResolver.cpp, line 759]
Event: 1.952 Thread 0x000001841e06f790 Implicit null exception at 0x000001842d6658f2 to 0x000001842d665f34
Event: 1.952 Thread 0x000001841e06f790 Implicit null exception at 0x000001842d67b572 to 0x000001842d67bbc8
Event: 2.109 Thread 0x000001847de877f0 Exception <a 'java/lang/NoSuchMethodError'{0x00000000feaf1b38}: 'void java.lang.invoke.DirectMethodHandle$Holder.invokeStatic(java.lang.Object, long)'> (0x00000000feaf1b38) 
thrown [s\src\hotspot\share\interpreter\linkResolver.cpp, line 759]
Event: 2.110 Thread 0x000001847de877f0 Exception <a 'java/lang/NoSuchMethodError'{0x00000000feaf7490}: 'java.lang.Object java.lang.invoke.DirectMethodHandle$Holder.newInvokeSpecial(java.lang.Object, long)'> (0x00000000feaf7490) 
thrown [s\src\hotspot\share\interpreter\linkResolver.cpp, line 759]
Event: 2.122 Thread 0x000001847de877f0 Exception <a 'java/lang/NoSuchMethodError'{0x00000000fff02548}: 'java.lang.Object java.lang.invoke.DirectMethodHandle$Holder.invokeStaticInit(java.lang.Object, java.lang.Object, long, java.lang.Object)'> (0x00000000fff02548) 
thrown [s\src\hotspot\share\interpreter\linkResolver.cpp, line 759]
Event: 2.123 Thread 0x000001847de877f0 Exception <a 'java/lang/NoSuchMethodError'{0x00000000fff08c58}: 'java.lang.Object java.lang.invoke.DirectMethodHandle$Holder.newInvokeSpecial(java.lang.Object, java.lang.Object, long)'> (0x00000000fff08c58) 
thrown [s\src\hotspot\share\interpreter\linkResolver.cpp, line 759]
Event: 2.124 Thread 0x000001847de877f0 Exception <a 'java/lang/NoSuchMethodError'{0x00000000fff0cf48}: 'java.lang.Object java.lang.invoke.Invokers$Holder.linkToTargetMethod(java.lang.Object, long, java.lang.Object)'> (0x00000000fff0cf48) 
thrown [s\src\hotspot\share\interpreter\linkResolver.cpp, line 759]
Event: 76.922 Thread 0x000001841e06f790 Exception <a 'sun/net/ConnectionResetException'{0x00000000ffc17fa8}: Connection reset> (0x00000000ffc17fa8) 
thrown [s\src\hotspot\share\prims\jni.cpp, line 535]
Event: 76.954 Thread 0x000001841e06f790 Exception <a 'java/lang/NoSuchMethodError'{0x00000000ffc579a8}: 'int java.lang.invoke.DirectMethodHandle$Holder.invokeVirtual(java.lang.Object, java.lang.Object)'> (0x00000000ffc579a8) 
thrown [s\src\hotspot\share\interpreter\linkResolver.cpp, line 759]
Event: 76.960 Thread 0x000001847e2068f0 Exception <a 'java/io/IOException'{0x00000000ffc7a0b8}: Connection reset by peer> (0x00000000ffc7a0b8) 
thrown [s\src\hotspot\share\prims\jni.cpp, line 535]
Event: 76.984 Thread 0x000001841e06f790 Exception <a 'java/lang/NoSuchMethodError'{0x00000000ffbc5e38}: 'void java.lang.invoke.DirectMethodHandle$Holder.invokeStatic(java.lang.Object, int, java.lang.Object)'> (0x00000000ffbc5e38) 
thrown [s\src\hotspot\share\interpreter\linkResolver.cpp, line 759]

VM Operations (20 events):
Event: 23.959 Executing VM operation: Cleanup
Event: 23.959 Executing VM operation: Cleanup done
Event: 26.996 Executing VM operation: Cleanup
Event: 26.996 Executing VM operation: Cleanup done
Event: 36.098 Executing VM operation: Cleanup
Event: 36.098 Executing VM operation: Cleanup done
Event: 40.122 Executing VM operation: Cleanup
Event: 40.122 Executing VM operation: Cleanup done
Event: 52.238 Executing VM operation: Cleanup
Event: 52.238 Executing VM operation: Cleanup done
Event: 53.251 Executing VM operation: Cleanup
Event: 53.251 Executing VM operation: Cleanup done
Event: 60.206 Executing VM operation: HandshakeAllThreads
Event: 60.206 Executing VM operation: HandshakeAllThreads done
Event: 65.251 Executing VM operation: Cleanup
Event: 65.252 Executing VM operation: Cleanup done
Event: 66.264 Executing VM operation: Cleanup
Event: 66.264 Executing VM operation: Cleanup done
Event: 70.981 Executing VM operation: HandshakeAllThreads
Event: 70.981 Executing VM operation: HandshakeAllThreads done

Events (20 events):
Event: 67.593 loading class jdk/internal/reflect/ByteVectorImpl done
Event: 67.593 loading class jdk/internal/reflect/ClassFileAssembler
Event: 67.594 loading class jdk/internal/reflect/ClassFileAssembler done
Event: 67.594 loading class jdk/internal/reflect/UTF8
Event: 67.594 loading class jdk/internal/reflect/UTF8 done
Event: 67.596 loading class jdk/internal/reflect/Label
Event: 67.596 loading class jdk/internal/reflect/Label done
Event: 67.596 loading class jdk/internal/reflect/Label$PatchInfo
Event: 67.596 loading class jdk/internal/reflect/Label$PatchInfo done
Event: 67.596 loading class jdk/internal/reflect/MethodAccessorGenerator$1
Event: 67.596 loading class jdk/internal/reflect/MethodAccessorGenerator$1 done
Event: 67.596 loading class jdk/internal/reflect/ClassDefiner
Event: 67.597 loading class jdk/internal/reflect/ClassDefiner done
Event: 67.597 loading class jdk/internal/reflect/ClassDefiner$1
Event: 67.597 loading class jdk/internal/reflect/ClassDefiner$1 done
Event: 76.921 loading class sun/net/ConnectionResetException
Event: 76.922 loading class sun/net/ConnectionResetException done
Event: 76.961 Thread 0x000001847e2068f0 Thread exited: 0x000001847e2068f0
Event: 76.964 loading class java/util/concurrent/ConcurrentLinkedQueue$Itr
Event: 76.964 loading class java/util/concurrent/ConcurrentLinkedQueue$Itr done


Dynamic libraries:
0x00007ff77a960000 - 0x00007ff77a96e000 	C:\Users\Kriti Sharma\AppData\Local\Programs\Eclipse Adoptium\jdk-17.0.8.7-hotspot\bin\java.exe
0x00007ffd93ad0000 - 0x00007ffd93cc8000 	C:\Windows\SYSTEM32\ntdll.dll
0x00007ffd91d80000 - 0x00007ffd91e3d000 	C:\Windows\System32\KERNEL32.DLL
0x00007ffd915a0000 - 0x00007ffd91896000 	C:\Windows\System32\KERNELBASE.dll
0x00007ffd912a0000 - 0x00007ffd913a0000 	C:\Windows\System32\ucrtbase.dll
0x00007ffd85a30000 - 0x00007ffd85a49000 	C:\Users\Kriti Sharma\AppData\Local\Programs\Eclipse Adoptium\jdk-17.0.8.7-hotspot\bin\VCRUNTIME140.dll
0x00007ffd797e0000 - 0x00007ffd797f7000 	C:\Users\Kriti Sharma\AppData\Local\Programs\Eclipse Adoptium\jdk-17.0.8.7-hotspot\bin\jli.dll
0x00007ffd92330000 - 0x00007ffd924cf000 	C:\Windows\System32\USER32.dll
0x00007ffd91270000 - 0x00007ffd91292000 	C:\Windows\System32\win32u.dll
0x00007ffd926c0000 - 0x00007ffd926eb000 	C:\Windows\System32\GDI32.dll
0x00007ffd913a0000 - 0x00007ffd914b7000 	C:\Windows\System32\gdi32full.dll
0x00007ffd7dbc0000 - 0x00007ffd7de5a000 	C:\Windows\WinSxS\amd64_microsoft.windows.common-controls_6595b64144ccf1df_6.0.19041.4355_none_60b8b9eb71f62e16\COMCTL32.dll
0x00007ffd91a70000 - 0x00007ffd91b0d000 	C:\Windows\System32\msvcp_win.dll
0x00007ffd91b10000 - 0x00007ffd91bae000 	C:\Windows\System32\msvcrt.dll
0x00007ffd91f30000 - 0x00007ffd91f5f000 	C:\Windows\System32\IMM32.DLL
0x00007ffd87c50000 - 0x00007ffd87c5c000 	C:\Users\Kriti Sharma\AppData\Local\Programs\Eclipse Adoptium\jdk-17.0.8.7-hotspot\bin\vcruntime140_1.dll
0x00007ffd78f00000 - 0x00007ffd78f91000 	C:\Users\Kriti Sharma\AppData\Local\Programs\Eclipse Adoptium\jdk-17.0.8.7-hotspot\bin\msvcp140.dll
0x00007ffd31ab0000 - 0x00007ffd326fc000 	C:\Users\Kriti Sharma\AppData\Local\Programs\Eclipse Adoptium\jdk-17.0.8.7-hotspot\bin\server\jvm.dll
0x00007ffd924d0000 - 0x00007ffd92580000 	C:\Windows\System32\ADVAPI32.dll
0x00007ffd91c30000 - 0x00007ffd91cd0000 	C:\Windows\System32\sechost.dll
0x00007ffd92590000 - 0x00007ffd926b3000 	C:\Windows\System32\RPCRT4.dll
0x00007ffd914c0000 - 0x00007ffd914e7000 	C:\Windows\System32\bcrypt.dll
0x00007ffd81900000 - 0x00007ffd81927000 	C:\Windows\SYSTEM32\WINMM.dll
0x00007ffd906c0000 - 0x00007ffd9070b000 	C:\Windows\SYSTEM32\POWRPROF.dll
0x00007ffd70080000 - 0x00007ffd70089000 	C:\Windows\SYSTEM32\WSOCK32.dll
0x00007ffd8b250000 - 0x00007ffd8b25a000 	C:\Windows\SYSTEM32\VERSION.dll
0x00007ffd93460000 - 0x00007ffd934cb000 	C:\Windows\System32\WS2_32.dll
0x00007ffd90580000 - 0x00007ffd90592000 	C:\Windows\SYSTEM32\UMPDC.dll
0x00007ffd8f9a0000 - 0x00007ffd8f9b2000 	C:\Windows\SYSTEM32\kernel.appcore.dll
0x00007ffd87bd0000 - 0x00007ffd87bda000 	C:\Users\Kriti Sharma\AppData\Local\Programs\Eclipse Adoptium\jdk-17.0.8.7-hotspot\bin\jimage.dll
0x00007ffd8eda0000 - 0x00007ffd8ef84000 	C:\Windows\SYSTEM32\DBGHELP.DLL
0x00007ffd7b730000 - 0x00007ffd7b764000 	C:\Windows\SYSTEM32\dbgcore.DLL
0x00007ffd911e0000 - 0x00007ffd91262000 	C:\Windows\System32\bcryptPrimitives.dll
0x00007ffd78ed0000 - 0x00007ffd78ef5000 	C:\Users\Kriti Sharma\AppData\Local\Programs\Eclipse Adoptium\jdk-17.0.8.7-hotspot\bin\java.dll
0x00007ffd5c4a0000 - 0x00007ffd5c576000 	C:\Users\Kriti Sharma\AppData\Local\Programs\Eclipse Adoptium\jdk-17.0.8.7-hotspot\bin\jsvml.dll
0x00007ffd92c90000 - 0x00007ffd933fc000 	C:\Windows\System32\SHELL32.dll
0x00007ffd8f1f0000 - 0x00007ffd8f98d000 	C:\Windows\SYSTEM32\windows.storage.dll
0x00007ffd93650000 - 0x00007ffd939a3000 	C:\Windows\System32\combase.dll
0x00007ffd90bb0000 - 0x00007ffd90bde000 	C:\Windows\SYSTEM32\Wldp.dll
0x00007ffd92250000 - 0x00007ffd9231d000 	C:\Windows\System32\OLEAUT32.dll
0x00007ffd91ff0000 - 0x00007ffd9209d000 	C:\Windows\System32\SHCORE.dll
0x00007ffd91f90000 - 0x00007ffd91fe5000 	C:\Windows\System32\shlwapi.dll
0x00007ffd910c0000 - 0x00007ffd910e4000 	C:\Windows\SYSTEM32\profapi.dll
0x00007ffd60340000 - 0x00007ffd60359000 	C:\Users\Kriti Sharma\AppData\Local\Programs\Eclipse Adoptium\jdk-17.0.8.7-hotspot\bin\net.dll
0x00007ffd89990000 - 0x00007ffd89a9a000 	C:\Windows\SYSTEM32\WINHTTP.dll
0x00007ffd90910000 - 0x00007ffd9097a000 	C:\Windows\system32\mswsock.dll
0x00007ffd5f990000 - 0x00007ffd5f9a5000 	C:\Users\Kriti Sharma\AppData\Local\Programs\Eclipse Adoptium\jdk-17.0.8.7-hotspot\bin\nio.dll
0x00007ffd70140000 - 0x00007ffd70158000 	C:\Users\Kriti Sharma\AppData\Local\Programs\Eclipse Adoptium\jdk-17.0.8.7-hotspot\bin\zip.dll
0x00007ffd6e6b0000 - 0x00007ffd6e6c0000 	C:\Users\Kriti Sharma\AppData\Local\Programs\Eclipse Adoptium\jdk-17.0.8.7-hotspot\bin\verify.dll
0x00007ffd87be0000 - 0x00007ffd87c07000 	C:\Users\Kriti Sharma\.gradle\native\c067742578af261105cb4f569cf0c3c89f3d7b1fecec35dd04571415982c5e48\windows-amd64\native-platform.dll
0x00007ffd8ce70000 - 0x00007ffd8ce7a000 	C:\Users\Kriti Sharma\.gradle\native\jansi\1.18\windows64\jansi.dll
0x00007ffd638e0000 - 0x00007ffd638e9000 	C:\Users\Kriti Sharma\AppData\Local\Programs\Eclipse Adoptium\jdk-17.0.8.7-hotspot\bin\management.dll
0x00007ffd5fba0000 - 0x00007ffd5fbab000 	C:\Users\Kriti Sharma\AppData\Local\Programs\Eclipse Adoptium\jdk-17.0.8.7-hotspot\bin\management_ext.dll
0x00007ffd92580000 - 0x00007ffd92588000 	C:\Windows\System32\PSAPI.DLL
0x00007ffd90b00000 - 0x00007ffd90b18000 	C:\Windows\SYSTEM32\CRYPTSP.dll
0x00007ffd901c0000 - 0x00007ffd901f4000 	C:\Windows\system32\rsaenh.dll
0x00007ffd91070000 - 0x00007ffd9109e000 	C:\Windows\SYSTEM32\USERENV.dll
0x00007ffd90b20000 - 0x00007ffd90b2c000 	C:\Windows\SYSTEM32\CRYPTBASE.dll
0x00007ffd905a0000 - 0x00007ffd905db000 	C:\Windows\SYSTEM32\IPHLPAPI.DLL
0x00007ffd91f80000 - 0x00007ffd91f88000 	C:\Windows\System32\NSI.dll
0x00007ffd89e30000 - 0x00007ffd89e47000 	C:\Windows\SYSTEM32\dhcpcsvc6.DLL
0x00007ffd8a5d0000 - 0x00007ffd8a5ed000 	C:\Windows\SYSTEM32\dhcpcsvc.DLL
0x00007ffd905e0000 - 0x00007ffd906aa000 	C:\Windows\SYSTEM32\DNSAPI.dll
0x00007ffd5ee20000 - 0x00007ffd5ee2e000 	C:\Users\Kriti Sharma\AppData\Local\Programs\Eclipse Adoptium\jdk-17.0.8.7-hotspot\bin\sunmscapi.dll
0x00007ffd91910000 - 0x00007ffd91a6e000 	C:\Windows\System32\CRYPT32.dll
0x00007ffd90c20000 - 0x00007ffd90c49000 	C:\Windows\SYSTEM32\ncrypt.dll
0x00007ffd90be0000 - 0x00007ffd90c1b000 	C:\Windows\SYSTEM32\NTASN1.dll
0x00007ffd45b90000 - 0x00007ffd45b97000 	C:\Windows\system32\wshunix.dll

dbghelp: loaded successfully - version: 4.0.5 - missing functions: none
symbol engine: initialized successfully - sym options: 0x614 - pdb path: .;C:\Users\Kriti Sharma\AppData\Local\Programs\Eclipse Adoptium\jdk-17.0.8.7-hotspot\bin;C:\Windows\SYSTEM32;C:\Windows\WinSxS\amd64_microsoft.windows.common-controls_6595b64144ccf1df_6.0.19041.4355_none_60b8b9eb71f62e16;C:\Users\Kriti Sharma\AppData\Local\Programs\Eclipse Adoptium\jdk-17.0.8.7-hotspot\bin\server;C:\Users\Kriti Sharma\.gradle\native\c067742578af261105cb4f569cf0c3c89f3d7b1fecec35dd04571415982c5e48\windows-amd64;C:\Users\Kriti Sharma\.gradle\native\jansi\1.18\windows64

VM Arguments:
jvm_args: -Xmx64m -Xms64m -Dorg.gradle.appname=gradlew 
java_command: org.gradle.wrapper.GradleWrapperMain app:installDebug -PreactNativeDevServerPort=8081
java_class_path (initial): E:\SecureScan\android\\gradle\wrapper\gradle-wrapper.jar
Launcher Type: SUN_STANDARD

[Global flags]
     intx CICompilerCount                          = 4                                         {product} {ergonomic}
     uint ConcGCThreads                            = 2                                         {product} {ergonomic}
     uint G1ConcRefinementThreads                  = 8                                         {product} {ergonomic}
   size_t G1HeapRegionSize                         = 1048576                                   {product} {ergonomic}
    uintx GCDrainStackTargetSize                   = 64                                        {product} {ergonomic}
   size_t InitialHeapSize                          = 67108864                                  {product} {command line}
   size_t MarkStackSize                            = 4194304                                   {product} {ergonomic}
   size_t MaxHeapSize                              = 67108864                                  {product} {command line}
   size_t MaxNewSize                               = 39845888                                  {product} {ergonomic}
   size_t MinHeapDeltaBytes                        = 1048576                                   {product} {ergonomic}
   size_t MinHeapSize                              = 67108864                                  {product} {command line}
    uintx NonNMethodCodeHeapSize                   = 5839372                                {pd product} {ergonomic}
    uintx NonProfiledCodeHeapSize                  = 122909434                              {pd product} {ergonomic}
    uintx ProfiledCodeHeapSize                     = 122909434                              {pd product} {ergonomic}
    uintx ReservedCodeCacheSize                    = 251658240                              {pd product} {ergonomic}
     bool SegmentedCodeCache                       = true                                      {product} {ergonomic}
   size_t SoftMaxHeapSize                          = 67108864                               {manageable} {ergonomic}
     bool UseCompressedClassPointers               = true                           {product lp64_product} {ergonomic}
     bool UseCompressedOops                        = true                           {product lp64_product} {ergonomic}
     bool UseG1GC                                  = true                                      {product} {ergonomic}
     bool UseLargePagesIndividualAllocation        = false                                  {pd product} {ergonomic}

Logging:
Log output configuration:
 #0: stdout all=warning uptime,level,tags
 #1: stderr all=off uptime,level,tags

Environment Variables:
JAVA_HOME=C:\Users\Kriti Sharma\AppData\Local\Programs\Eclipse Adoptium\jdk-17.0.8.7-hotspot\
CLASSPATH=E:\SecureScan\android\\gradle\wrapper\gradle-wrapper.jar
PATH=E:\SecureScan\node_modules\.bin;E:\SecureScan\node_modules\.bin;E:\node_modules\.bin;C:\Program Files\nodejs\node_modules\npm\node_modules\@npmcli\run-script\lib\node-gyp-bin;C:\Python311\Scripts\;C:\Python311\;C:\Windows\system32;C:\Windows;C:\Windows\System32\Wbem;C:\Windows\System32\WindowsPowerShell\v1.0\;C:\Windows\System32\OpenSSH\;C:\Program Files\Git\cmd;C:\ProgramData\chocolatey\bin;C:\Program Files\nodejs\;C:\Program Files\MySQL\MySQL Shell 8.0\bin\;C:\Users\Kriti Sharma\AppData\Local\Programs\Eclipse Adoptium\jdk-17.0.8.7-hotspot\bin;C:\Users\Kriti Sharma\AppData\Local\Microsoft\WindowsApps;C:\Users\Kriti Sharma\AppData\Local\Programs\Microsoft VS Code\bin;C:\Users\Kriti Sharma\AppData\Roaming\npm;C:\Users\Kriti Sharma\AppData\Local\Android\Sdk\platform-tools;C:\Users\Kriti Sharma\AppData\Local\Android\Sdk\emulator;C:\Users\Kriti Sharma\AppData\Local\Android\Sdk\tools;C:\Users\Kriti Sharma\AppData\Local\Android\Sdk\tools\bin;
USERNAME=Kriti Sharma
LANG=en_US.UTF-8
OS=Windows_NT
PROCESSOR_IDENTIFIER=Intel64 Family 6 Model 126 Stepping 5, GenuineIntel
TMP=C:\Users\KRITIS~1\AppData\Local\Temp
TEMP=C:\Users\KRITIS~1\AppData\Local\Temp



---------------  S Y S T E M  ---------------

OS:
 Windows 10 , 64 bit Build 19041 (10.0.19041.3636)
OS uptime: 0 days 1:23 hours

CPU: total 8 (initial active 8) (4 cores per cpu, 2 threads per core) family 6 model 126 stepping 5 microcode 0xc2, cx8, cmov, fxsr, ht, mmx, 3dnowpref, sse, sse2, sse3, ssse3, sse4.1, sse4.2, popcnt, lzcnt, tsc, tscinvbit, avx, avx2, aes, erms, clmul, bmi1, bmi2, adx, avx512f, avx512dq, avx512cd, avx512bw, avx512vl, sha, fma, vzeroupper, avx512_vpopcntdq, avx512_vpclmulqdq, avx512_vaes, avx512_vnni, clflush, clflushopt, avx512_vbmi2, avx512_vbmi
Processor Information for all 8 processors :
  Max Mhz: 1190, Current Mhz: 991, Mhz Limit: 987

Memory: 4k page, system-wide physical 7959M (963M free)
TotalPageFile size 13959M (AvailPageFile size 321M)
current process WorkingSet (physical memory assigned to process): 96M, peak: 102M
current process commit charge ("private bytes"): 165M, peak: 171M

vm_info: OpenJDK 64-Bit Server VM (17.0.8+7) for windows-amd64 JRE (17.0.8+7), built on Jul 18 2023 21:02:32 by "admin" with MS VC++ 16.7 (VS2019)

END.
